# JRE version: Java(TM) SE Runtime Environment 18.9 (11.0.9+7) (build 11.0.9+7-LTS)
# Java VM: Java HotSpot(TM) 64-Bit Server VM 18.9 (11.0.9+7-LTS, mixed mode, tiered, compressed oops, g1 gc, bsd-amd64)
Heap:
 garbage-first heap   total 157696K, used 75323K [0x0000000780000000, 0x0000000800000000)
  region size 1024K, 60 young (61440K), 8 survivors (8192K)
 Metaspace       used 67233K, capacity 68857K, committed 69020K, reserved 1110016K
  class space    used 8362K, capacity 8996K, committed 9036K, reserved 1048576K
GC Heap History (10 events):
Event: 11.088 GC heap before
{Heap before GC invocations=9 (full 0):
 garbage-first heap   total 157696K, used 90014K [0x0000000780000000, 0x0000000800000000)
  region size 1024K, 81 young (82944K), 6 survivors (6144K)
 Metaspace       used 37299K, capacity 38369K, committed 38704K, reserved 1083392K
  class space    used 4247K, capacity 4680K, committed 4736K, reserved 1048576K
}
Event: 11.092 GC heap after
{Heap after GC invocations=10 (full 0):
 garbage-first heap   total 157696K, used 15364K [0x0000000780000000, 0x0000000800000000)
  region size 1024K, 7 young (7168K), 7 survivors (7168K)
 Metaspace       used 37299K, capacity 38369K, committed 38704K, reserved 1083392K
  class space    used 4247K, capacity 4680K, committed 4736K, reserved 1048576K
}
Event: 11.782 GC heap before
{Heap before GC invocations=10 (full 0):
 garbage-first heap   total 157696K, used 97284K [0x0000000780000000, 0x0000000800000000)
  region size 1024K, 88 young (90112K), 7 survivors (7168K)
 Metaspace       used 42727K, capacity 43952K, committed 44336K, reserved 1087488K
  class space    used 4951K, capacity 5408K, committed 5504K, reserved 1048576K
}
Event: 11.788 GC heap after
{Heap after GC invocations=11 (full 0):
 garbage-first heap   total 157696K, used 17166K [0x0000000780000000, 0x0000000800000000)
  region size 1024K, 8 young (8192K), 8 survivors (8192K)
 Metaspace       used 42727K, capacity 43952K, committed 44336K, reserved 1087488K
  class space    used 4951K, capacity 5408K, committed 5504K, reserved 1048576K
}
Event: 12.920 GC heap before
{Heap before GC invocations=11 (full 0):
 garbage-first heap   total 157696K, used 103182K [0x0000000780000000, 0x0000000800000000)
  region size 1024K, 92 young (94208K), 8 survivors (8192K)
 Metaspace       used 52770K, capacity 54089K, committed 54448K, reserved 1097728K
  class space    used 6374K, capacity 6888K, committed 6912K, reserved 1048576K
}
Event: 12.946 GC heap after
{Heap after GC invocations=12 (full 0):
 garbage-first heap   total 157696K, used 18974K [0x0000000780000000, 0x0000000800000000)
  region size 1024K, 9 young (9216K), 9 survivors (9216K)
 Metaspace       used 52770K, capacity 54089K, committed 54448K, reserved 1097728K
  class space    used 6374K, capacity 6888K, committed 6912K, reserved 1048576K
}
Event: 13.503 GC heap before
{Heap before GC invocations=12 (full 0):
 garbage-first heap   total 157696K, used 85534K [0x0000000780000000, 0x0000000800000000)
  region size 1024K, 75 young (76800K), 9 survivors (9216K)
 Metaspace       used 58604K, capacity 59922K, committed 60240K, reserved 1101824K
  class space    used 7157K, capacity 7676K, committed 7680K, reserved 1048576K
}
Event: 13.510 GC heap after
{Heap after GC invocations=13 (full 0):
 garbage-first heap   total 157696K, used 21244K [0x0000000780000000, 0x0000000800000000)
  region size 1024K, 8 young (8192K), 8 survivors (8192K)
 Metaspace       used 58604K, capacity 59922K, committed 60240K, reserved 1101824K
  class space    used 7157K, capacity 7676K, committed 7680K, reserved 1048576K
}
Event: 14.555 GC heap before
{Heap before GC invocations=14 (full 0):
 garbage-first heap   total 157696K, used 107260K [0x0000000780000000, 0x0000000800000000)
  region size 1024K, 92 young (94208K), 8 survivors (8192K)
 Metaspace       used 65182K, capacity 66791K, committed 67100K, reserved 1107968K
  class space    used 8162K, capacity 8808K, committed 8908K, reserved 1048576K
}
Event: 14.563 GC heap after
{Heap after GC invocations=15 (full 0):
 garbage-first heap   total 157696K, used 23099K [0x0000000780000000, 0x0000000800000000)
  region size 1024K, 8 young (8192K), 8 survivors (8192K)
 Metaspace       used 65182K, capacity 66791K, committed 67100K, reserved 1107968K
  class space    used 8162K, capacity 8808K, committed 8908K, reserved 1048576K
}

